

CmdLine:	C:\Users\DanSeer\Documents\NetBeansProjects\fift\dist\fift.exe --l4j-debug
WOW64:		yes
Bundled JRE:	1.4.0
Check launcher:	C:\Users\DanSeer\Documents\NetBeansProjects\fift\dist\1.4.0\bin\javaw.exe (n/a)


CmdLine:	C:\Users\DanSeer\Documents\NetBeansProjects\fift\dist\fift.exe --l4j-debug
WOW64:		yes
Bundled JRE:	1.8.0
Check launcher:	C:\Users\DanSeer\Documents\NetBeansProjects\fift\dist\1.8.0\bin\javaw.exe (n/a)


CmdLine:	C:\Users\DanSeer\Documents\NetBeansProjects\fift\dist\fift.exe --l4j-debug
WOW64:		yes
Bundled JRE:	C:\Program Files\Java\jre1.8.0_111
Check launcher:	C:\Program Files\Java\jre1.8.0_111\bin\javaw.exe (OK)
Copy:		C:\Program Files\Java\jre1.8.0_111\bin\javaw.exe -> C:\Program Files\Java\jre1.8.0_111\launch4j-tmp\fift.exe
Launcher:	C:\Program Files\Java\jre1.8.0_111\bin\javaw.exe
Launcher args:	-jar "C:\Users\DanSeer\Documents\NetBeansProjects\fift\dist\fift.exe"
Args length:	69/32768 chars
Exit code:	0


CmdLine:	C:\Users\DanSeer\Documents\NetBeansProjects\fift\dist\fift.exe --l4j-debug
WOW64:		yes
Bundled JRE:	C:\Program Files\Java\jre1.8.0_111
Check launcher:	C:\Program Files\Java\jre1.8.0_111\bin\javaw.exe (OK)
Copy:		C:\Program Files\Java\jre1.8.0_111\bin\javaw.exe -> C:\Program Files\Java\jre1.8.0_111\launch4j-tmp\fift.exe
Launcher:	C:\Program Files\Java\jre1.8.0_111\bin\javaw.exe
Launcher args:	-jar "C:\Users\DanSeer\Documents\NetBeansProjects\fift\dist\fift.exe"
Args length:	69/32768 chars
Exit code:	0
